<?xml version="1.0" encoding="UTF-8"?>
<testsuite xmlns:xsi="http://www.w3.org/2001/XMLSchema-instance" xsi:noNamespaceSchemaLocation="https://maven.apache.org/surefire/maven-surefire-plugin/xsd/surefire-test-report-3.0.xsd" version="3.0" name="com.donaton.bff.controller.BffControllerTest" time="3.942" tests="2" errors="0" skipped="0" failures="0">
  <properties>
[...]
</properties>
  <testcase name="portadaRetornaDatosReales" classname="com.donaton.bff.controller.BffControllerTest" time="0.518">
    <system-out><![CDATA[06:50:13.249 [main] INFO org.springframework.test.context.support.AnnotationConfigContextLoaderUtils -- Could not detect default configuration classes for test class [com.donaton.bff.controller.BffControllerTest]: BffControllerTest does not declare any static, non-private, non-final, nested classes annotated with @Configuration.
06:50:13.424 [main] INFO org.springframework.boot.test.context.SpringBootTestContextBootstrapper -- Found @SpringBootConfiguration com.donaton.bff.DonatonBffApplication for test class com.donaton.bff.controller.BffControllerTest

  .   ____          _            __ _ _
 /\\ / ___'_ __ _ _(_)_ __  __ _ \ \ \ \
( ( )\___ | '_ | '_| | '_ \/ _` | \ \ \ \
 \\/  ___)| |_)| | | | | || (_| |  ) ) ) )
  '  |____| .__|_| |_|_| |_\__, | / / / /
 =========|_|==============|___/=/_/_/_/
 :: Spring Boot ::                (v3.2.5)

2026-05-13T06:50:13.921-04:00  INFO 25088 --- [donaton-bff] [           main] c.d.bff.controller.BffControllerTest     : Starting BffControllerTest using Java 17.0.11 with PID 25088 (started by zkn in C:\Users\zkn\Desktop\donaton-bff)
2026-05-13T06:50:13.922-04:00 DEBUG 25088 --- [donaton-bff] [           main] c.d.bff.controller.BffControllerTest     : Running with Spring Boot v3.2.5, Spring v6.1.6
2026-05-13T06:50:13.923-04:00  INFO 25088 --- [donaton-bff] [           main] c.d.bff.controller.BffControllerTest     : No active profile set, falling back to 1 default profile: "default"
2026-05-13T06:50:16.415-04:00  INFO 25088 --- [donaton-bff] [           main] c.d.bff.controller.BffControllerTest     : Started BffControllerTest in 2.916 seconds (process running for 5.374)
2026-05-13T06:50:16.662-04:00  INFO 25088 --- [donaton-bff] [     parallel-1] c.donaton.bff.controller.BffController   : GET /bff/portada
]]></system-out>
  </testcase>
  <testcase name="portadaFallbackCuandoServicioCaido" classname="com.donaton.bff.controller.BffControllerTest" time="0.011">
    <system-out><![CDATA[2026-05-13T06:50:16.960-04:00  INFO 25088 --- [donaton-bff] [     parallel-2] c.donaton.bff.controller.BffController   : GET /bff/portada
]]></system-out>
  </testcase>
</testsuite>